Save repository element : rawatjalan : Creation of initial version
Save database : Modification by user
Save repository element : rawatjalan : Modification by user
Save database : Modification by user
Save repository element : rawatjalan : Modification by user
Save database : Modification by user
Save repository element : rawatjalan : Modification by user
Save database : Modification by user
Save repository element : rawatjalan : Modification by user
Save repository element : rawat jalan : Creation of initial version
Save database : Modification by user
Save repository element : rawat jalan : Modification by user
Save database : Modification by user
Save repository element : rawat jalan : Modification by user
Save database : Modification by user
Save repository element : rawat jalan : Modification by user
Save database : Modification by user
Save repository element : rawat jalan : Modification by user
Save database : Modification by user
Save repository element : rawat jalan : Modification by user
Save database : Modification by user
Save repository element : rawat jalan : Modification by user
Save database : Modification by user
Save repository element : rawat jalan : Modification by user
Save database : Modification by user
Save repository element : rawat jalan : Modification by user
Save database : Modification by user
Save repository element : rawat jalan : Modification by user
Save database : Modification by user
Save repository element : rawat jalan : Modification by user
Save database : Modification by user
Save repository element : rawat jalan : Modification by user
Save database : Modification by user
Save repository element : rawat jalan : Modification by user
Save database : Modification by user
Save repository element : rawat jalan : Modification by user
Save database : Modification by user
Save repository element : rawat jalan : Modification by user
Save database : Modification by user
Save repository element : rawat jalan : Modification by user
Save database : Modification by user
Save repository element : rawat jalan : Modification by user
Save database : Modification by user
Save repository element : rawat jalan : Modification by user
Save database : Modification by user
Save repository element : rawat jalan : Modification by user
Save database : Modification by user
Save repository element : rawat jalan : Modification by user
Save database : Modification by user
Save repository element : rawat jalan : Modification by user
Save database : Modification by user
Save repository element : rawat jalan : Modification by user
Save database : Modification by user
Save repository element : rawat jalan : Modification by user
Save database : Modification by user
Save repository element : rawat jalan : Modification by user
Save database : Modification by user
Save repository element : rawat jalan : Modification by user
Save database : Modification by user
Save repository element : rawat jalan : Modification by user
Save database : Modification by user
Save repository element : rawat jalan : Modification by user
Save database : Modification by user
Save repository element : rawat jalan : Modification by user
Save database : Modification by user
Save repository element : rawat jalan : Modification by user
Save database : Modification by user
Save repository element : rawat jalan : Modification by user
Save database : Modification by user
Save repository element : rawat jalan : Modification by user
Save database : Modification by user
Save repository element : rawat jalan : Modification by user
Save database : Modification by user
Save repository element : rawat jalan : Modification by user
Save database : Modification by user
Save repository element : rawat jalan : Modification by user
Save database : Modification by user
Save repository element : rawat jalan : Modification by user
Save database : Modification by user
Save repository element : rawat jalan : Modification by user
Save database : Modification by user
Save repository element : rawat jalan : Modification by user
Save database : Modification by user
Save repository element : rawat jalan : Modification by user
Save database : Modification by user
Save repository element : rawat jalan : Modification by user
